<?xml version="1.0" encoding="UTF-8" ?>
<testsuite tests="4" failures="0" name="cn.coselding.flowerms.dao.UserDaoTest" time="0.09" errors="0" skipped="0">
  <properties>
[...]
</properties>
  <testcase classname="cn.coselding.flowerms.dao.UserDaoTest" name="testAddUser" time="0.054"/>
  <testcase classname="cn.coselding.flowerms.dao.UserDaoTest" name="testQueryById" time="0.022"/>
  <testcase classname="cn.coselding.flowerms.dao.UserDaoTest" name="testQuery4Login" time="0.01"/>
  <testcase classname="cn.coselding.flowerms.dao.UserDaoTest" name="testQueryAdmins" time="0.004"/>
</testsuite>